Arguments: 
  W:\Lavori\JetBrains\node.exe C:\Program Files (x86)\Yarn\bin\yarn.js add ReactDOM

PATH: 
  C:\Program Files (x86)\Common Files\Intel\Shared Libraries\redist\intel64\compiler;C:\Program Files (x86)\Common Files\Oracle\Java\javapath;C:\ProgramData\Oracle\Java\javapath;C:\WINDOWS\system32;C:\WINDOWS;C:\WINDOWS\System32\Wbem;C:\WINDOWS\System32\WindowsPowerShell\v1.0\;C:\Program Files (x86)\Common Files\Roxio Shared\DLLShared\;C:\Program Files (x86)\Common Files\Roxio Shared\10.0\DLLShared\;C:\WINDOWS\System32\OpenSSH\;C:\Program Files\NVIDIA Corporation\NVIDIA NvDLISR;C:\ProgramData\chocolatey\bin;C:\Program Files\PuTTY\;C:\Program Files (x86)\NVIDIA Corporation\PhysX\Common;W:\Stuff\MatLab\runtime\win64;W:\Stuff\MatLab\bin;W:\Stuff\MatLab\polyspace\bin;W:\Lavori\JetBrains\;C:\WINDOWS\system32;C:\WINDOWS;C:\WINDOWS\System32\Wbem;C:\WINDOWS\System32\WindowsPowerShell\v1.0\;C:\WINDOWS\System32\OpenSSH\;C:\Program Files\Docker\Docker\resources\bin;C:\ProgramData\DockerDesktop\version-bin;C:\Program Files\Git\cmd;C:\Program Files (x86)\Yarn\bin\;C:\Users\Peter\chromedriver.exe;C:\Users\Peter\AppData\Local\Programs\Python\Python38\Scripts\;C:\Users\Peter\AppData\Local\Programs\Python\Python38\;C:\Users\Peter\AppData\Local\Programs\Python\Python36-32\Scripts\;C:\Users\Peter\AppData\Local\Programs\Python\Python36-32\;C:\Users\Peter\AppData\Local\Microsoft\WindowsApps;W:\JetBrains\Microsoft VS Code\bin;C:\Users\Peter\AppData\Local\GitHubDesktop\bin;W:\Stuff\ffmpeg\bin;C:\Users\Peter\AppData\Roaming\npm;C:\Users\Peter\AppData\Local\Microsoft\WindowsApps;C:\Users\Peter\AppData\Local\Yarn\bin

Yarn version: 
  1.22.5

Node version: 
  14.6.0

Platform: 
  win32 x64

Trace: 
  Error: https://registry.yarnpkg.com/ReactDOM: Not found
      at Request.params.callback [as _callback] (C:\Program Files (x86)\Yarn\lib\cli.js:66097:18)
      at Request.self.callback (C:\Program Files (x86)\Yarn\lib\cli.js:140749:22)
      at Request.emit (events.js:314:20)
      at Request.<anonymous> (C:\Program Files (x86)\Yarn\lib\cli.js:141721:10)
      at Request.emit (events.js:314:20)
      at IncomingMessage.<anonymous> (C:\Program Files (x86)\Yarn\lib\cli.js:141643:12)
      at Object.onceWrapper (events.js:420:28)
      at IncomingMessage.emit (events.js:326:22)
      at endReadableNT (_stream_readable.js:1244:12)
      at processTicksAndRejections (internal/process/task_queues.js:80:21)

npm manifest: 
  No manifest

yarn manifest: 
  No manifest

Lockfile: 
  No lockfile
